593
592
591
590
594
595
589
596
588
597
587
586
598
599
585
584
600
601
602
583
603
582
604
605
581
606
580
579
578
577
607
608
576
609
610
611
612
575
574
573
572
571
570
613
569
614
615
568
567
566
616
565
564
563
617
618
619
562
620
561
560
621
559
622
623
624
625
626
627
628
629
630
558
631
632
557
556
555
633
554
634
635
636
553
552
637
551
550
549
548
547
546
638
545
544
639
640
641
543
642
542
643
644
541
540
645
646
647
648
649
539
538
650
537
536
651
535
534
533
652
532
653
654
655
531
530
656
657
529
658
528
659
660
661
662
663
664
527
526
525
665
666
524
667
668
669
670
671
523
522
521
520
672
519
518
517
516
515
673
674
675
514
513
512
676
677
678
511
679
680
681
510
509
508
507
682
683
684
506
505
504
685
686
687
688
503
502
501
500
499
689
690
691
498
692
693
497
496
495
694
695
494
493
492
491
490
489
696
488
487
486
485
697
698
484
699
483
482
700
481
701
702
480
703
479
704
705
478
477
476
475
474
706
707
708
473
709
472
471
470
469
468
710
467
466
465
711
464
463
712
462
461
460
713
459
458
714
715
457
456
716
717
718
719
720
721
722
723
455
454
724
725
453
452
451
450
449
448
447
726
727
728
729
446
445
444
443
442
441
730
440
439
731
438
437
732
733
734
735
736
737
436
435
434
738
739
740
741
742
433
432
431
430
743
744
745
429
746
428
747
427
426
748
425
424
749
750
1
423
2
3
4
5
6
7
422
8
421
420
419
418
417
9
416
10
415
11
414
413
12
13
412
14
15
16
411
410
17
409
18
19
20
21
408
407
406
22
23
405
24
404
403
402
401
400
25
399
26
27
28
29
398
397
396
395
30
394
393
392
391
31
32
33
390
34
35
36
37
38
39
40
41
389
42
43
44
45
388
387
46
47
48
49
386
385
50
51
384
52
53
383
382
381
54
380
55
379
378
56
57
377
58
376
59
60
61
62
375
374
63
373
372
371
370
64
369
368
367
366
365
65
364
66
363
362
67
68
69
70
361
71
72
360
73
74
359
358
75
76
357
77
78
79
356
355
354
80
81
353
82
83
352
84
85
86
87
88
351
89
350
349
90
348
347
91
346
345
92
344
93
343
94
95
96
97
342
341
98
99
100
340
339
338
101
102
337
336
103
335
334
333
104
332
105
331
106
330
329
328
327
326
325
107
324
108
109
323
322
321
320
110
111
319
318
317
316
112
315
314
313
312
311
113
114
115
310
116
117
118
309
119
120
121
122
308
307
123
306
124
305
304
125
303
302
301
126
300
299
127
298
297
296
295
294
293
128
292
129
130
291
290
289
131
132
133
288
287
134
135
286
136
285
137
284
283
138
139
282
281
140
141
280
142
279
143
278
277
276
275
274
144
145
273
146
272
147
148
149
150
151
271
270
269
268
267
152
266
153
154
265
155
156
157
158
159
160
161
264
162
263
262
261
163
164
165
166
167
168
260
169
170
259
171
172
173
258
174
175
176
177
257
256
255
254
178
253
179
180
181
182
183
252
251
184
185
250
186
187
249
188
248
247
189
246
245
244
190
243
191
242
192
241
240
239
238
237
193
236
235
234
194
233
232
195
231
230
229
196
228
227
197
198
226
199
225
200
201
224
202
223
203
222
221
220
204
219
218
217
216
205
206
207
208
215
209
210
211
214
212
213
